Build started 22/7/2015 7:09:18 AM.
     1>Project "C:\Users\user\Documents\Visual Studio 2010\Projects\MANET_Broadcast\MANET_Broadcast\MANET_Broadcast.vcxproj" on node 2 (build target(s)).
     1>InitializeBuildStatus:
         Creating "Debug\MANET_Broadcast.unsuccessfulbuild" because "AlwaysCreate" was specified.
       ClCompile:
         E:\Microsoft Visual Studio 10.0\VC\bin\CL.exe /c /ZI /nologo /W3 /WX- /Od /Oy- /D WIN32 /D _DEBUG /D _CONSOLE /D _UNICODE /D UNICODE /Gm /EHsc /RTC1 /MDd /GS /fp:precise /Zc:wchar_t /Zc:forScope /Fo"Debug\\" /Fd"Debug\vc100.pdb" /Gd /TP /analyze- /errorReport:prompt main.cpp
         main.cpp
     1>c:\users\user\documents\visual studio 2010\projects\manet_broadcast\manet_broadcast\simulator.h(55): warning C4018: '<' : signed/unsigned mismatch
     1>c:\users\user\documents\visual studio 2010\projects\manet_broadcast\manet_broadcast\node.h(67): warning C4018: '<' : signed/unsigned mismatch
     1>c:\users\user\documents\visual studio 2010\projects\manet_broadcast\manet_broadcast\simulator.h(100): warning C4018: '<' : signed/unsigned mismatch
                 c:\users\user\documents\visual studio 2010\projects\manet_broadcast\manet_broadcast\main.cpp(41) : see reference to function template instantiation 'double Simulator::calculateRedundancy<SBA>(std::vector<_Ty> &)' being compiled
                 with
                 [
                     _Ty=SBA
                 ]
       ManifestResourceCompile:
         All outputs are up-to-date.
       Link:
         E:\Microsoft Visual Studio 10.0\VC\bin\link.exe /ERRORREPORT:PROMPT /OUT:"C:\Users\user\Documents\Visual Studio 2010\Projects\MANET_Broadcast\Debug\MANET_Broadcast.exe" /INCREMENTAL /NOLOGO kernel32.lib user32.lib gdi32.lib winspool.lib comdlg32.lib advapi32.lib shell32.lib ole32.lib oleaut32.lib uuid.lib odbc32.lib odbccp32.lib /MANIFEST /ManifestFile:"Debug\MANET_Broadcast.exe.intermediate.manifest" /MANIFESTUAC:"level='asInvoker' uiAccess='false'" /DEBUG /PDB:"C:\Users\user\Documents\Visual Studio 2010\Projects\MANET_Broadcast\Debug\MANET_Broadcast.pdb" /SUBSYSTEM:CONSOLE /TLBID:1 /DYNAMICBASE /NXCOMPAT /IMPLIB:"C:\Users\user\Documents\Visual Studio 2010\Projects\MANET_Broadcast\Debug\MANET_Broadcast.lib" /MACHINE:X86 Debug\MANET_Broadcast.exe.embed.manifest.res
         Debug\main.obj
       Manifest:
         C:\Program Files (x86)\Microsoft SDKs\Windows\v7.0A\bin\mt.exe /nologo /verbose /out:"Debug\MANET_Broadcast.exe.embed.manifest" /manifest Debug\MANET_Broadcast.exe.intermediate.manifest
         All outputs are up-to-date.
       LinkEmbedManifest:
         All outputs are up-to-date.
         MANET_Broadcast.vcxproj -> C:\Users\user\Documents\Visual Studio 2010\Projects\MANET_Broadcast\Debug\MANET_Broadcast.exe
       FinalizeBuildStatus:
         Deleting file "Debug\MANET_Broadcast.unsuccessfulbuild".
         Touching "Debug\MANET_Broadcast.lastbuildstate".
     1>Done Building Project "C:\Users\user\Documents\Visual Studio 2010\Projects\MANET_Broadcast\MANET_Broadcast\MANET_Broadcast.vcxproj" (build target(s)).

Build succeeded.

Time Elapsed 00:00:01.90
